1655765912957	geckodriver	INFO	Listening on 127.0.0.1:60975
1655765913055	mozrunner::runner	INFO	Running command: "/usr/bin/firefox" "--marionette" "-no-remote" "-profile" "/tmp/rust_mozprofileOYzTJI"
console.error: Enterprise Policies: 
  Error parsing JSON file: SyntaxError: JSON.parse: expected double-quoted property name at line 16 column 5 of the JSON data
1655765914025	Marionette	INFO	Marionette enabled
console.warn: SearchSettings: "get: No settings file exists, new profile?" (new NotFoundError("Could not open the file at /tmp/rust_mozprofileOYzTJI/search.json.mozlz4", (void 0)))
1655765918891	Marionette	INFO	Listening on port 38245
1655765919029	RemoteAgent	WARN	TLS certificate errors will be ignored for this session
JavaScript error: resource://gre/modules/PartitioningExceptionListService.jsm, line 69: NS_ERROR_MALFORMED_URI: Component returned failure code: 0x804b000a (NS_ERROR_MALFORMED_URI) [nsIPartitioningExceptionListObserver.onExceptionListUpdate]
JavaScript error: https://media.ethicalads.io/media/client/v1.4.0/ethicalads.min.js, line 1: Error: No ad placements found.
JavaScript error: resource:///actors/FormValidationChild.jsm, line 177: TypeError: this._element is null
1655766999921	geckodriver	INFO	Listening on 127.0.0.1:48857
1655766999967	mozrunner::runner	INFO	Running command: "/usr/bin/firefox" "--marionette" "-no-remote" "-profile" "/tmp/rust_mozprofileAUqgqy"
console.error: Enterprise Policies: 
  Error parsing JSON file: SyntaxError: JSON.parse: expected double-quoted property name at line 16 column 5 of the JSON data
1655767000753	Marionette	INFO	Marionette enabled
console.warn: SearchSettings: "get: No settings file exists, new profile?" (new NotFoundError("Could not open the file at /tmp/rust_mozprofileAUqgqy/search.json.mozlz4", (void 0)))
1655767005273	Marionette	INFO	Listening on port 45925
1655767005422	RemoteAgent	WARN	TLS certificate errors will be ignored for this session
JavaScript error: resource://gre/modules/PartitioningExceptionListService.jsm, line 69: NS_ERROR_MALFORMED_URI: Component returned failure code: 0x804b000a (NS_ERROR_MALFORMED_URI) [nsIPartitioningExceptionListObserver.onExceptionListUpdate]
JavaScript error: https://media.ethicalads.io/media/client/v1.4.0/ethicalads.min.js, line 1: Error: No ad placements found.
JavaScript error: resource:///actors/FormValidationChild.jsm, line 177: TypeError: this._element is null
JavaScript error: resource://gre/actors/AutoCompleteChild.jsm, line 125: Error: Invalid autocomplete selectedIndex
1655767009186	Marionette	INFO	Stopped listening on port 45925
JavaScript error: resource:///modules/Interactions.jsm, line 209: NS_ERROR_FAILURE: Component returned failure code: 0x80004005 (NS_ERROR_FAILURE) [nsIUserIdleService.removeIdleObserver]
1655771874881	geckodriver	INFO	Listening on 127.0.0.1:34313
1655771874944	mozrunner::runner	INFO	Running command: "/usr/bin/firefox" "--marionette" "-no-remote" "-profile" "/tmp/rust_mozprofilePnVPg9"
console.error: Enterprise Policies: 
  Error parsing JSON file: SyntaxError: JSON.parse: expected double-quoted property name at line 16 column 5 of the JSON data
1655771876162	Marionette	INFO	Marionette enabled
console.warn: SearchSettings: "get: No settings file exists, new profile?" (new NotFoundError("Could not open the file at /tmp/rust_mozprofilePnVPg9/search.json.mozlz4", (void 0)))
1655771885924	Marionette	INFO	Listening on port 43331
1655771886350	RemoteAgent	WARN	TLS certificate errors will be ignored for this session
JavaScript error: resource://gre/modules/PartitioningExceptionListService.jsm, line 69: NS_ERROR_MALFORMED_URI: Component returned failure code: 0x804b000a (NS_ERROR_MALFORMED_URI) [nsIPartitioningExceptionListObserver.onExceptionListUpdate]
JavaScript warning: https://web.whatsapp.com/bootstrap_main.c7fae15c2be134004f59.js, line 8: unreachable code after return statement
1655772983732	geckodriver	INFO	Listening on 127.0.0.1:40611
1655772983848	mozrunner::runner	INFO	Running command: "/usr/bin/firefox" "--marionette" "-no-remote" "-profile" "/tmp/rust_mozprofiletPA9Xd"
console.error: Enterprise Policies: 
  Error parsing JSON file: SyntaxError: JSON.parse: expected double-quoted property name at line 16 column 5 of the JSON data
1655772984878	Marionette	INFO	Marionette enabled
console.warn: SearchSettings: "get: No settings file exists, new profile?" (new NotFoundError("Could not open the file at /tmp/rust_mozprofiletPA9Xd/search.json.mozlz4", (void 0)))
1655772989036	Marionette	INFO	Listening on port 43389
1655772989149	RemoteAgent	WARN	TLS certificate errors will be ignored for this session
JavaScript error: resource://gre/modules/PartitioningExceptionListService.jsm, line 69: NS_ERROR_MALFORMED_URI: Component returned failure code: 0x804b000a (NS_ERROR_MALFORMED_URI) [nsIPartitioningExceptionListObserver.onExceptionListUpdate]
JavaScript warning: https://web.whatsapp.com/bootstrap_main.c7fae15c2be134004f59.js, line 8: unreachable code after return statement
1655774106983	geckodriver	INFO	Listening on 127.0.0.1:40435
1655774107084	mozrunner::runner	INFO	Running command: "/usr/bin/firefox" "--marionette" "-no-remote" "-profile" "/tmp/rust_mozprofilet9yO6M"
console.error: Enterprise Policies: 
  Error parsing JSON file: SyntaxError: JSON.parse: expected double-quoted property name at line 16 column 5 of the JSON data
1655774108187	Marionette	INFO	Marionette enabled
console.warn: SearchSettings: "get: No settings file exists, new profile?" (new NotFoundError("Could not open the file at /tmp/rust_mozprofilet9yO6M/search.json.mozlz4", (void 0)))
1655774112916	Marionette	INFO	Listening on port 45983
1655774113043	RemoteAgent	WARN	TLS certificate errors will be ignored for this session
JavaScript error: resource://gre/modules/PartitioningExceptionListService.jsm, line 69: NS_ERROR_MALFORMED_URI: Component returned failure code: 0x804b000a (NS_ERROR_MALFORMED_URI) [nsIPartitioningExceptionListObserver.onExceptionListUpdate]
JavaScript warning: https://web.whatsapp.com/bootstrap_main.16f0e3503ad5f4047d6b.js, line 8: unreachable code after return statement
1655774405253	geckodriver	INFO	Listening on 127.0.0.1:34229
1655774405307	mozrunner::runner	INFO	Running command: "/usr/bin/firefox" "--marionette" "-no-remote" "-profile" "/tmp/rust_mozprofile9ynKeh"
console.error: Enterprise Policies: 
  Error parsing JSON file: SyntaxError: JSON.parse: expected double-quoted property name at line 16 column 5 of the JSON data
1655774406014	Marionette	INFO	Marionette enabled
console.warn: SearchSettings: "get: No settings file exists, new profile?" (new NotFoundError("Could not open the file at /tmp/rust_mozprofile9ynKeh/search.json.mozlz4", (void 0)))
1655774409842	Marionette	INFO	Listening on port 37311
1655774409952	RemoteAgent	WARN	TLS certificate errors will be ignored for this session
JavaScript error: resource://gre/modules/PartitioningExceptionListService.jsm, line 69: NS_ERROR_MALFORMED_URI: Component returned failure code: 0x804b000a (NS_ERROR_MALFORMED_URI) [nsIPartitioningExceptionListObserver.onExceptionListUpdate]
JavaScript warning: https://web.whatsapp.com/bootstrap_main.c7fae15c2be134004f59.js, line 8: unreachable code after return statement
1655851978087	geckodriver	INFO	Listening on 127.0.0.1:49875
1655851978158	mozrunner::runner	INFO	Running command: "/usr/bin/firefox" "--marionette" "-no-remote" "-profile" "/tmp/rust_mozprofileu8e8NY"
console.error: Enterprise Policies: 
  Error parsing JSON file: SyntaxError: JSON.parse: expected double-quoted property name at line 16 column 5 of the JSON data
1655851979145	Marionette	INFO	Marionette enabled
console.warn: SearchSettings: "get: No settings file exists, new profile?" (new NotFoundError("Could not open the file at /tmp/rust_mozprofileu8e8NY/search.json.mozlz4", (void 0)))
1655851983455	Marionette	INFO	Listening on port 42645
1655851983589	RemoteAgent	WARN	TLS certificate errors will be ignored for this session
JavaScript error: resource://gre/modules/PartitioningExceptionListService.jsm, line 69: NS_ERROR_MALFORMED_URI: Component returned failure code: 0x804b000a (NS_ERROR_MALFORMED_URI) [nsIPartitioningExceptionListObserver.onExceptionListUpdate]
JavaScript warning: https://web.whatsapp.com/bootstrap_main.c7fae15c2be134004f59.js, line 8: unreachable code after return statement
1655853215007	geckodriver	INFO	Listening on 127.0.0.1:32997
1655853216054	mozrunner::runner	INFO	Running command: "/usr/bin/firefox" "--marionette" "-no-remote" "-profile" "/tmp/rust_mozprofilek04NIR"
console.error: Enterprise Policies: 
  Error parsing JSON file: SyntaxError: JSON.parse: expected double-quoted property name at line 16 column 5 of the JSON data
1655853217100	Marionette	INFO	Marionette enabled
console.warn: SearchSettings: "get: No settings file exists, new profile?" (new NotFoundError("Could not open the file at /tmp/rust_mozprofilek04NIR/search.json.mozlz4", (void 0)))
1655853221403	Marionette	INFO	Listening on port 34395
1655853221513	RemoteAgent	WARN	TLS certificate errors will be ignored for this session
JavaScript error: resource://gre/modules/PartitioningExceptionListService.jsm, line 69: NS_ERROR_MALFORMED_URI: Component returned failure code: 0x804b000a (NS_ERROR_MALFORMED_URI) [nsIPartitioningExceptionListObserver.onExceptionListUpdate]
JavaScript warning: https://web.whatsapp.com/bootstrap_main.c7fae15c2be134004f59.js, line 8: unreachable code after return statement
1655854352859	geckodriver	INFO	Listening on 127.0.0.1:53319
1655854353886	mozrunner::runner	INFO	Running command: "/usr/bin/firefox" "--marionette" "-no-remote" "-profile" "/tmp/rust_mozprofileITOIot"
console.error: Enterprise Policies: 
  Error parsing JSON file: SyntaxError: JSON.parse: expected double-quoted property name at line 16 column 5 of the JSON data
1655854354550	Marionette	INFO	Marionette enabled
console.warn: SearchSettings: "get: No settings file exists, new profile?" (new NotFoundError("Could not open the file at /tmp/rust_mozprofileITOIot/search.json.mozlz4", (void 0)))
1655854358714	Marionette	INFO	Listening on port 39035
1655854358813	RemoteAgent	WARN	TLS certificate errors will be ignored for this session
JavaScript error: resource://gre/modules/PartitioningExceptionListService.jsm, line 69: NS_ERROR_MALFORMED_URI: Component returned failure code: 0x804b000a (NS_ERROR_MALFORMED_URI) [nsIPartitioningExceptionListObserver.onExceptionListUpdate]
JavaScript warning: https://web.whatsapp.com/bootstrap_main.c7fae15c2be134004f59.js, line 8: unreachable code after return statement
1655855562575	geckodriver	INFO	Listening on 127.0.0.1:50299
1655855563612	mozrunner::runner	INFO	Running command: "/usr/bin/firefox" "--marionette" "-no-remote" "-profile" "/tmp/rust_mozprofileD8aO6e"
console.error: Enterprise Policies: 
  Error parsing JSON file: SyntaxError: JSON.parse: expected double-quoted property name at line 16 column 5 of the JSON data
1655855564292	Marionette	INFO	Marionette enabled
console.warn: SearchSettings: "get: No settings file exists, new profile?" (new NotFoundError("Could not open the file at /tmp/rust_mozprofileD8aO6e/search.json.mozlz4", (void 0)))
1655855568478	Marionette	INFO	Listening on port 34831
1655855568708	RemoteAgent	WARN	TLS certificate errors will be ignored for this session
JavaScript error: resource://gre/modules/PartitioningExceptionListService.jsm, line 69: NS_ERROR_MALFORMED_URI: Component returned failure code: 0x804b000a (NS_ERROR_MALFORMED_URI) [nsIPartitioningExceptionListObserver.onExceptionListUpdate]
JavaScript warning: https://web.whatsapp.com/bootstrap_main.c7fae15c2be134004f59.js, line 8: unreachable code after return statement
1655855585610	geckodriver	INFO	Listening on 127.0.0.1:38733
1655855585666	mozrunner::runner	INFO	Running command: "/usr/bin/firefox" "--marionette" "-no-remote" "-profile" "/tmp/rust_mozprofileUGPB8y"
console.error: Enterprise Policies: 
  Error parsing JSON file: SyntaxError: JSON.parse: expected double-quoted property name at line 16 column 5 of the JSON data
1655855586387	Marionette	INFO	Marionette enabled
console.warn: SearchSettings: "get: No settings file exists, new profile?" (new NotFoundError("Could not open the file at /tmp/rust_mozprofileUGPB8y/search.json.mozlz4", (void 0)))
1655855590141	Marionette	INFO	Listening on port 42209
1655855590296	RemoteAgent	WARN	TLS certificate errors will be ignored for this session
JavaScript error: resource://gre/modules/PartitioningExceptionListService.jsm, line 69: NS_ERROR_MALFORMED_URI: Component returned failure code: 0x804b000a (NS_ERROR_MALFORMED_URI) [nsIPartitioningExceptionListObserver.onExceptionListUpdate]
JavaScript warning: https://web.whatsapp.com/bootstrap_main.c7fae15c2be134004f59.js, line 8: unreachable code after return statement
1655855643666	geckodriver	INFO	Listening on 127.0.0.1:59153
1655855644709	mozrunner::runner	INFO	Running command: "/usr/bin/firefox" "--marionette" "-no-remote" "-profile" "/tmp/rust_mozprofileAWlhIz"
console.error: Enterprise Policies: 
  Error parsing JSON file: SyntaxError: JSON.parse: expected double-quoted property name at line 16 column 5 of the JSON data
1655855645404	Marionette	INFO	Marionette enabled
console.warn: SearchSettings: "get: No settings file exists, new profile?" (new NotFoundError("Could not open the file at /tmp/rust_mozprofileAWlhIz/search.json.mozlz4", (void 0)))
1655855649411	Marionette	INFO	Listening on port 45805
1655855649545	RemoteAgent	WARN	TLS certificate errors will be ignored for this session
JavaScript error: resource://gre/modules/PartitioningExceptionListService.jsm, line 69: NS_ERROR_MALFORMED_URI: Component returned failure code: 0x804b000a (NS_ERROR_MALFORMED_URI) [nsIPartitioningExceptionListObserver.onExceptionListUpdate]
JavaScript warning: https://web.whatsapp.com/bootstrap_main.c7fae15c2be134004f59.js, line 8: unreachable code after return statement
1655855781706	geckodriver	INFO	Listening on 127.0.0.1:32959
1655855782744	mozrunner::runner	INFO	Running command: "/usr/bin/firefox" "--marionette" "-no-remote" "-profile" "/tmp/rust_mozprofile8rXxrD"
console.error: Enterprise Policies: 
  Error parsing JSON file: SyntaxError: JSON.parse: expected double-quoted property name at line 16 column 5 of the JSON data
1655855783425	Marionette	INFO	Marionette enabled
console.warn: SearchSettings: "get: No settings file exists, new profile?" (new NotFoundError("Could not open the file at /tmp/rust_mozprofile8rXxrD/search.json.mozlz4", (void 0)))
1655855787150	Marionette	INFO	Listening on port 33467
1655855787244	RemoteAgent	WARN	TLS certificate errors will be ignored for this session
JavaScript error: resource://gre/modules/PartitioningExceptionListService.jsm, line 69: NS_ERROR_MALFORMED_URI: Component returned failure code: 0x804b000a (NS_ERROR_MALFORMED_URI) [nsIPartitioningExceptionListObserver.onExceptionListUpdate]
JavaScript warning: https://web.whatsapp.com/bootstrap_main.c7fae15c2be134004f59.js, line 8: unreachable code after return statement
1655855837436	geckodriver	INFO	Listening on 127.0.0.1:52591
1655855838474	mozrunner::runner	INFO	Running command: "/usr/bin/firefox" "--marionette" "-no-remote" "-profile" "/tmp/rust_mozprofilegXwIJo"
console.error: Enterprise Policies: 
  Error parsing JSON file: SyntaxError: JSON.parse: expected double-quoted property name at line 16 column 5 of the JSON data
1655855839137	Marionette	INFO	Marionette enabled
console.warn: SearchSettings: "get: No settings file exists, new profile?" (new NotFoundError("Could not open the file at /tmp/rust_mozprofilegXwIJo/search.json.mozlz4", (void 0)))
1655855842815	Marionette	INFO	Listening on port 42473
1655855842904	RemoteAgent	WARN	TLS certificate errors will be ignored for this session
JavaScript error: resource://gre/modules/PartitioningExceptionListService.jsm, line 69: NS_ERROR_MALFORMED_URI: Component returned failure code: 0x804b000a (NS_ERROR_MALFORMED_URI) [nsIPartitioningExceptionListObserver.onExceptionListUpdate]
JavaScript warning: https://web.whatsapp.com/bootstrap_main.c7fae15c2be134004f59.js, line 8: unreachable code after return statement
1655856251002	geckodriver	INFO	Listening on 127.0.0.1:38761
1655856251041	mozrunner::runner	INFO	Running command: "/usr/bin/firefox" "--marionette" "-no-remote" "-profile" "/tmp/rust_mozprofilelmroip"
console.error: Enterprise Policies: 
  Error parsing JSON file: SyntaxError: JSON.parse: expected double-quoted property name at line 16 column 5 of the JSON data
1655856251854	Marionette	INFO	Marionette enabled
console.warn: SearchSettings: "get: No settings file exists, new profile?" (new NotFoundError("Could not open the file at /tmp/rust_mozprofilelmroip/search.json.mozlz4", (void 0)))
1655856257838	Marionette	INFO	Listening on port 45649
1655856257967	RemoteAgent	WARN	TLS certificate errors will be ignored for this session
JavaScript error: resource://gre/modules/PartitioningExceptionListService.jsm, line 69: NS_ERROR_MALFORMED_URI: Component returned failure code: 0x804b000a (NS_ERROR_MALFORMED_URI) [nsIPartitioningExceptionListObserver.onExceptionListUpdate]
JavaScript warning: https://web.whatsapp.com/bootstrap_main.c7fae15c2be134004f59.js, line 8: unreachable code after return statement
1655856488005	geckodriver	INFO	Listening on 127.0.0.1:47757
1655856488047	mozrunner::runner	INFO	Running command: "/usr/bin/firefox" "--marionette" "-no-remote" "-profile" "/tmp/rust_mozprofileERijuv"
console.error: Enterprise Policies: 
  Error parsing JSON file: SyntaxError: JSON.parse: expected double-quoted property name at line 16 column 5 of the JSON data
1655856488863	Marionette	INFO	Marionette enabled
console.warn: SearchSettings: "get: No settings file exists, new profile?" (new NotFoundError("Could not open the file at /tmp/rust_mozprofileERijuv/search.json.mozlz4", (void 0)))
1655856493499	Marionette	INFO	Listening on port 36983
1655856493645	RemoteAgent	WARN	TLS certificate errors will be ignored for this session
JavaScript error: resource://gre/modules/PartitioningExceptionListService.jsm, line 69: NS_ERROR_MALFORMED_URI: Component returned failure code: 0x804b000a (NS_ERROR_MALFORMED_URI) [nsIPartitioningExceptionListObserver.onExceptionListUpdate]
JavaScript warning: https://web.whatsapp.com/bootstrap_main.c7fae15c2be134004f59.js, line 8: unreachable code after return statement
1655856912422	geckodriver	INFO	Listening on 127.0.0.1:39529
1655856913505	mozrunner::runner	INFO	Running command: "/usr/bin/firefox" "--marionette" "-no-remote" "-profile" "/tmp/rust_mozprofilerVimrw"
console.error: Enterprise Policies: 
  Error parsing JSON file: SyntaxError: JSON.parse: expected double-quoted property name at line 16 column 5 of the JSON data
1655856914303	Marionette	INFO	Marionette enabled
console.warn: SearchSettings: "get: No settings file exists, new profile?" (new NotFoundError("Could not open the file at /tmp/rust_mozprofilerVimrw/search.json.mozlz4", (void 0)))
1655856918643	Marionette	INFO	Listening on port 38425
1655856918757	RemoteAgent	WARN	TLS certificate errors will be ignored for this session
JavaScript error: resource://gre/modules/PartitioningExceptionListService.jsm, line 69: NS_ERROR_MALFORMED_URI: Component returned failure code: 0x804b000a (NS_ERROR_MALFORMED_URI) [nsIPartitioningExceptionListObserver.onExceptionListUpdate]
JavaScript warning: https://web.whatsapp.com/bootstrap_main.c7fae15c2be134004f59.js, line 8: unreachable code after return statement
1655856992171	geckodriver	INFO	Listening on 127.0.0.1:53109
1655856993233	mozrunner::runner	INFO	Running command: "/usr/bin/firefox" "--marionette" "-no-remote" "-profile" "/tmp/rust_mozprofileMw4xlp"
console.error: Enterprise Policies: 
  Error parsing JSON file: SyntaxError: JSON.parse: expected double-quoted property name at line 16 column 5 of the JSON data
1655856994001	Marionette	INFO	Marionette enabled
console.warn: SearchSettings: "get: No settings file exists, new profile?" (new NotFoundError("Could not open the file at /tmp/rust_mozprofileMw4xlp/search.json.mozlz4", (void 0)))
1655856998639	Marionette	INFO	Listening on port 37775
1655856998778	RemoteAgent	WARN	TLS certificate errors will be ignored for this session
JavaScript error: resource://gre/modules/PartitioningExceptionListService.jsm, line 69: NS_ERROR_MALFORMED_URI: Component returned failure code: 0x804b000a (NS_ERROR_MALFORMED_URI) [nsIPartitioningExceptionListObserver.onExceptionListUpdate]
JavaScript warning: https://web.whatsapp.com/bootstrap_main.c7fae15c2be134004f59.js, line 8: unreachable code after return statement
1655857311458	geckodriver	INFO	Listening on 127.0.0.1:60323
1655857312626	mozrunner::runner	INFO	Running command: "/usr/bin/firefox" "--marionette" "-no-remote" "-profile" "/tmp/rust_mozprofilec8JlTk"
console.error: Enterprise Policies: 
  Error parsing JSON file: SyntaxError: JSON.parse: expected double-quoted property name at line 16 column 5 of the JSON data
1655857313976	Marionette	INFO	Marionette enabled
console.warn: SearchSettings: "get: No settings file exists, new profile?" (new NotFoundError("Could not open the file at /tmp/rust_mozprofilec8JlTk/search.json.mozlz4", (void 0)))
1655857318815	Marionette	INFO	Listening on port 40495
1655857318903	RemoteAgent	WARN	TLS certificate errors will be ignored for this session
JavaScript error: resource://gre/modules/PartitioningExceptionListService.jsm, line 69: NS_ERROR_MALFORMED_URI: Component returned failure code: 0x804b000a (NS_ERROR_MALFORMED_URI) [nsIPartitioningExceptionListObserver.onExceptionListUpdate]
JavaScript warning: https://web.whatsapp.com/bootstrap_main.c7fae15c2be134004f59.js, line 8: unreachable code after return statement
1655858105760	geckodriver	INFO	Listening on 127.0.0.1:33749
1655858106855	mozrunner::runner	INFO	Running command: "/usr/bin/firefox" "--marionette" "-no-remote" "-profile" "/tmp/rust_mozprofilezWU5QD"
console.error: Enterprise Policies: 
  Error parsing JSON file: SyntaxError: JSON.parse: expected double-quoted property name at line 16 column 5 of the JSON data
1655858107680	Marionette	INFO	Marionette enabled
console.warn: SearchSettings: "get: No settings file exists, new profile?" (new NotFoundError("Could not open the file at /tmp/rust_mozprofilezWU5QD/search.json.mozlz4", (void 0)))
1655858112175	Marionette	INFO	Listening on port 37789
1655858112308	RemoteAgent	WARN	TLS certificate errors will be ignored for this session
console.error: Region.jsm: "Error fetching region" (new Error("TIMEOUT", "resource://gre/modules/Region.jsm", 772))
console.error: Region.jsm: "Failed to fetch region" (new Error("TIMEOUT", "resource://gre/modules/Region.jsm", 419))
JavaScript error: resource://gre/modules/PartitioningExceptionListService.jsm, line 69: NS_ERROR_MALFORMED_URI: Component returned failure code: 0x804b000a (NS_ERROR_MALFORMED_URI) [nsIPartitioningExceptionListObserver.onExceptionListUpdate]
JavaScript warning: https://web.whatsapp.com/bootstrap_main.c7fae15c2be134004f59.js, line 8: unreachable code after return statement
1655858133526	geckodriver	INFO	Listening on 127.0.0.1:58811
1655858134599	mozrunner::runner	INFO	Running command: "/usr/bin/firefox" "--marionette" "-no-remote" "-profile" "/tmp/rust_mozprofilevSiy5O"
console.error: Enterprise Policies: 
  Error parsing JSON file: SyntaxError: JSON.parse: expected double-quoted property name at line 16 column 5 of the JSON data
1655858135427	Marionette	INFO	Marionette enabled
console.warn: SearchSettings: "get: No settings file exists, new profile?" (new NotFoundError("Could not open the file at /tmp/rust_mozprofilevSiy5O/search.json.mozlz4", (void 0)))
1655858140028	Marionette	INFO	Listening on port 39461
1655858140231	RemoteAgent	WARN	TLS certificate errors will be ignored for this session
JavaScript error: resource://gre/modules/PartitioningExceptionListService.jsm, line 69: NS_ERROR_MALFORMED_URI: Component returned failure code: 0x804b000a (NS_ERROR_MALFORMED_URI) [nsIPartitioningExceptionListObserver.onExceptionListUpdate]
JavaScript warning: https://web.whatsapp.com/bootstrap_main.c7fae15c2be134004f59.js, line 8: unreachable code after return statement
1655858178912	geckodriver	INFO	Listening on 127.0.0.1:51379
1655858179975	mozrunner::runner	INFO	Running command: "/usr/bin/firefox" "--marionette" "-no-remote" "-profile" "/tmp/rust_mozprofileinU5qK"
console.error: Enterprise Policies: 
  Error parsing JSON file: SyntaxError: JSON.parse: expected double-quoted property name at line 16 column 5 of the JSON data
1655858180751	Marionette	INFO	Marionette enabled
console.warn: SearchSettings: "get: No settings file exists, new profile?" (new NotFoundError("Could not open the file at /tmp/rust_mozprofileinU5qK/search.json.mozlz4", (void 0)))
1655858185519	Marionette	INFO	Listening on port 42691
1655858185622	RemoteAgent	WARN	TLS certificate errors will be ignored for this session
JavaScript error: resource://gre/modules/PartitioningExceptionListService.jsm, line 69: NS_ERROR_MALFORMED_URI: Component returned failure code: 0x804b000a (NS_ERROR_MALFORMED_URI) [nsIPartitioningExceptionListObserver.onExceptionListUpdate]
JavaScript warning: https://web.whatsapp.com/bootstrap_main.c7fae15c2be134004f59.js, line 8: unreachable code after return statement
1655858247943	geckodriver	INFO	Listening on 127.0.0.1:49831
1655858249015	mozrunner::runner	INFO	Running command: "/usr/bin/firefox" "--marionette" "-no-remote" "-profile" "/tmp/rust_mozprofile0gAc8I"
console.error: Enterprise Policies: 
  Error parsing JSON file: SyntaxError: JSON.parse: expected double-quoted property name at line 16 column 5 of the JSON data
1655858249811	Marionette	INFO	Marionette enabled
console.warn: SearchSettings: "get: No settings file exists, new profile?" (new NotFoundError("Could not open the file at /tmp/rust_mozprofile0gAc8I/search.json.mozlz4", (void 0)))
1655858254278	Marionette	INFO	Listening on port 42455
1655858254379	RemoteAgent	WARN	TLS certificate errors will be ignored for this session
JavaScript error: resource://gre/modules/PartitioningExceptionListService.jsm, line 69: NS_ERROR_MALFORMED_URI: Component returned failure code: 0x804b000a (NS_ERROR_MALFORMED_URI) [nsIPartitioningExceptionListObserver.onExceptionListUpdate]
JavaScript warning: https://web.whatsapp.com/bootstrap_main.c7fae15c2be134004f59.js, line 8: unreachable code after return statement
1655858518039	geckodriver	INFO	Listening on 127.0.0.1:33353
1655858518112	mozrunner::runner	INFO	Running command: "/usr/bin/firefox" "--marionette" "-no-remote" "-profile" "/tmp/rust_mozprofileYNrbtL"
console.error: Enterprise Policies: 
  Error parsing JSON file: SyntaxError: JSON.parse: expected double-quoted property name at line 16 column 5 of the JSON data
1655858518904	Marionette	INFO	Marionette enabled
console.warn: SearchSettings: "get: No settings file exists, new profile?" (new NotFoundError("Could not open the file at /tmp/rust_mozprofileYNrbtL/search.json.mozlz4", (void 0)))
1655858523533	Marionette	INFO	Listening on port 33389
1655858523665	RemoteAgent	WARN	TLS certificate errors will be ignored for this session
JavaScript error: resource://gre/modules/PartitioningExceptionListService.jsm, line 69: NS_ERROR_MALFORMED_URI: Component returned failure code: 0x804b000a (NS_ERROR_MALFORMED_URI) [nsIPartitioningExceptionListObserver.onExceptionListUpdate]
JavaScript warning: https://web.whatsapp.com/bootstrap_main.c7fae15c2be134004f59.js, line 8: unreachable code after return statement
1655858565262	geckodriver	INFO	Listening on 127.0.0.1:33141
1655858566347	mozrunner::runner	INFO	Running command: "/usr/bin/firefox" "--marionette" "-no-remote" "-profile" "/tmp/rust_mozprofilelgbQrV"
console.error: Enterprise Policies: 
  Error parsing JSON file: SyntaxError: JSON.parse: expected double-quoted property name at line 16 column 5 of the JSON data
1655858567153	Marionette	INFO	Marionette enabled
console.warn: SearchSettings: "get: No settings file exists, new profile?" (new NotFoundError("Could not open the file at /tmp/rust_mozprofilelgbQrV/search.json.mozlz4", (void 0)))
1655858572951	Marionette	INFO	Listening on port 36155
1655858573113	RemoteAgent	WARN	TLS certificate errors will be ignored for this session
JavaScript error: resource://gre/modules/PartitioningExceptionListService.jsm, line 69: NS_ERROR_MALFORMED_URI: Component returned failure code: 0x804b000a (NS_ERROR_MALFORMED_URI) [nsIPartitioningExceptionListObserver.onExceptionListUpdate]
JavaScript warning: https://web.whatsapp.com/bootstrap_main.c7fae15c2be134004f59.js, line 8: unreachable code after return statement
